<?xml version="1.0" encoding="UTF-8"?>
<!-- Generated by org.testng.reporters.JUnitReportReporter -->
<testsuite skipped="0" hostname="DESKTOP-11VBPU5" name="Tests.CoreTests" tests="4" failures="0" timestamp="17 Jun 2019 00:55:57 GMT" time="74.008" errors="0">
  <testcase name="Testcase1_2" time="14.565" classname="Tests.CoreTests"/>
  <testcase name="Testcase1_1" time="23.745" classname="Tests.CoreTests"/>
  <testcase name="Testcase1_1" time="21.307" classname="Tests.CoreTests"/>
  <testcase name="Testcase1_2" time="14.391" classname="Tests.CoreTests"/>
</testsuite> <!-- Tests.CoreTests -->
